# JRE version: OpenJDK Runtime Environment (8.0_242-b01) (build 1.8.0_242-release-1644-b01)
# Java VM: OpenJDK 64-Bit Server VM (25.242-b01 mixed mode windows-amd64 compressed oops)
Heap:
 PSYoungGen      total 436224K, used 29611K [0x00000000d5580000, 0x00000000f2300000, 0x0000000100000000)
  eden space 400384K, 7% used [0x00000000d5580000,0x00000000d726ac08,0x00000000edc80000)
  from space 35840K, 0% used [0x00000000edc80000,0x00000000edc80000,0x00000000eff80000)
  to   space 32768K, 0% used [0x00000000eff80000,0x00000000eff80000,0x00000000f1f80000)
 ParOldGen       total 228864K, used 74871K [0x0000000080000000, 0x000000008df80000, 0x00000000d5580000)
  object space 228864K, 32% used [0x0000000080000000,0x000000008491dd80,0x000000008df80000)
 Metaspace       used 91304K, capacity 95657K, committed 98984K, reserved 1134592K
  class space    used 11915K, capacity 12709K, committed 13616K, reserved 1048576K
GC Heap History (10 events):
Event: 21.693 GC heap before
{Heap before GC invocations=15 (full 3):
 PSYoungGen      total 267264K, used 267246K [0x00000000d5580000, 0x00000000ec900000, 0x0000000100000000)
  eden space 248320K, 100% used [0x00000000d5580000,0x00000000e4800000,0x00000000e4800000)
  from space 18944K, 99% used [0x00000000e4800000,0x00000000e5a7bb00,0x00000000e5a80000)
  to   space 25088K, 0% used [0x00000000eb080000,0x00000000eb080000,0x00000000ec900000)
 ParOldGen       total 162816K, used 40122K [0x0000000080000000, 0x0000000089f00000, 0x00000000d5580000)
  object space 162816K, 24% used [0x0000000080000000,0x000000008272e890,0x0000000089f00000)
 Metaspace       used 70248K, capacity 73528K, committed 73624K, reserved 1112064K
  class space    used 9549K, capacity 10147K, committed 10160K, reserved 1048576K
Event: 21.707 GC heap after
Heap after GC invocations=15 (full 3):
 PSYoungGen      total 336896K, used 14840K [0x00000000d5580000, 0x00000000ebf80000, 0x0000000100000000)
  eden space 321536K, 0% used [0x00000000d5580000,0x00000000d5580000,0x00000000e8f80000)
  from space 15360K, 96% used [0x00000000eb080000,0x00000000ebefe0e8,0x00000000ebf80000)
  to   space 24576K, 0% used [0x00000000e8f80000,0x00000000e8f80000,0x00000000ea780000)
 ParOldGen       total 162816K, used 56100K [0x0000000080000000, 0x0000000089f00000, 0x00000000d5580000)
  object space 162816K, 34% used [0x0000000080000000,0x00000000836c9300,0x0000000089f00000)
 Metaspace       used 70248K, capacity 73528K, committed 73624K, reserved 1112064K
  class space    used 9549K, capacity 10147K, committed 10160K, reserved 1048576K
}
Event: 34.375 GC heap before
{Heap before GC invocations=16 (full 3):
 PSYoungGen      total 336896K, used 336376K [0x00000000d5580000, 0x00000000ebf80000, 0x0000000100000000)
  eden space 321536K, 100% used [0x00000000d5580000,0x00000000e8f80000,0x00000000e8f80000)
  from space 15360K, 96% used [0x00000000eb080000,0x00000000ebefe0e8,0x00000000ebf80000)
  to   space 24576K, 0% used [0x00000000e8f80000,0x00000000e8f80000,0x00000000ea780000)
 ParOldGen       total 162816K, used 56100K [0x0000000080000000, 0x0000000089f00000, 0x00000000d5580000)
  object space 162816K, 34% used [0x0000000080000000,0x00000000836c9300,0x0000000089f00000)
 Metaspace       used 80813K, capacity 84422K, committed 84760K, reserved 1122304K
  class space    used 10577K, capacity 11237K, committed 11312K, reserved 1048576K
Event: 34.390 GC heap after
Heap after GC invocations=16 (full 3):
 PSYoungGen      total 346112K, used 24568K [0x00000000d5580000, 0x00000000f1f80000, 0x0000000100000000)
  eden space 321536K, 0% used [0x00000000d5580000,0x00000000d5580000,0x00000000e8f80000)
  from space 24576K, 99% used [0x00000000e8f80000,0x00000000ea77e080,0x00000000ea780000)
  to   space 32768K, 0% used [0x00000000eff80000,0x00000000eff80000,0x00000000f1f80000)
 ParOldGen       total 162816K, used 69235K [0x0000000080000000, 0x0000000089f00000, 0x00000000d5580000)
  object space 162816K, 42% used [0x0000000080000000,0x000000008439cc58,0x0000000089f00000)
 Metaspace       used 80813K, capacity 84422K, committed 84760K, reserved 1122304K
  class space    used 10577K, capacity 11237K, committed 11312K, reserved 1048576K
}
Event: 36.340 GC heap before
{Heap before GC invocations=17 (full 3):
 PSYoungGen      total 346112K, used 346104K [0x00000000d5580000, 0x00000000f1f80000, 0x0000000100000000)
  eden space 321536K, 100% used [0x00000000d5580000,0x00000000e8f80000,0x00000000e8f80000)
  from space 24576K, 99% used [0x00000000e8f80000,0x00000000ea77e080,0x00000000ea780000)
  to   space 32768K, 0% used [0x00000000eff80000,0x00000000eff80000,0x00000000f1f80000)
 ParOldGen       total 162816K, used 69235K [0x0000000080000000, 0x0000000089f00000, 0x00000000d5580000)
  object space 162816K, 42% used [0x0000000080000000,0x000000008439cc58,0x0000000089f00000)
 Metaspace       used 92141K, capacity 98276K, committed 98456K, reserved 1134592K
  class space    used 12319K, capacity 13456K, committed 13488K, reserved 1048576K
Event: 36.364 GC heap after
Heap after GC invocations=17 (full 3):
 PSYoungGen      total 433152K, used 28073K [0x00000000d5580000, 0x00000000f2300000, 0x0000000100000000)
  eden space 400384K, 0% used [0x00000000d5580000,0x00000000d5580000,0x00000000edc80000)
  from space 32768K, 85% used [0x00000000eff80000,0x00000000f1aea5c8,0x00000000f1f80000)
  to   space 35840K, 0% used [0x00000000edc80000,0x00000000edc80000,0x00000000eff80000)
 ParOldGen       total 162816K, used 91454K [0x0000000080000000, 0x0000000089f00000, 0x00000000d5580000)
  object space 162816K, 56% used [0x0000000080000000,0x000000008594f950,0x0000000089f00000)
 Metaspace       used 92141K, capacity 98276K, committed 98456K, reserved 1134592K
  class space    used 12319K, capacity 13456K, committed 13488K, reserved 1048576K
}
Event: 36.388 GC heap before
{Heap before GC invocations=18 (full 3):
 PSYoungGen      total 433152K, used 35589K [0x00000000d5580000, 0x00000000f2300000, 0x0000000100000000)
  eden space 400384K, 1% used [0x00000000d5580000,0x00000000d5cd7228,0x00000000edc80000)
  from space 32768K, 85% used [0x00000000eff80000,0x00000000f1aea5c8,0x00000000f1f80000)
  to   space 35840K, 0% used [0x00000000edc80000,0x00000000edc80000,0x00000000eff80000)
 ParOldGen       total 162816K, used 91454K [0x0000000080000000, 0x0000000089f00000, 0x00000000d5580000)
  object space 162816K, 56% used [0x0000000080000000,0x000000008594f950,0x0000000089f00000)
 Metaspace       used 92307K, capacity 98561K, committed 98600K, reserved 1134592K
  class space    used 12349K, capacity 13488K, committed 13488K, reserved 1048576K
Event: 36.455 GC heap after
Heap after GC invocations=18 (full 3):
 PSYoungGen      total 436224K, used 23932K [0x00000000d5580000, 0x00000000f2300000, 0x0000000100000000)
  eden space 400384K, 0% used [0x00000000d5580000,0x00000000d5580000,0x00000000edc80000)
  from space 35840K, 66% used [0x00000000edc80000,0x00000000ef3df130,0x00000000eff80000)
  to   space 32768K, 0% used [0x00000000eff80000,0x00000000eff80000,0x00000000f1f80000)
 ParOldGen       total 162816K, used 91462K [0x0000000080000000, 0x0000000089f00000, 0x00000000d5580000)
  object space 162816K, 56% used [0x0000000080000000,0x0000000085951950,0x0000000089f00000)
 Metaspace       used 92307K, capacity 98561K, committed 98600K, reserved 1134592K
  class space    used 12349K, capacity 13488K, committed 13488K, reserved 1048576K
}
Event: 36.456 GC heap before
{Heap before GC invocations=19 (full 4):
 PSYoungGen      total 436224K, used 23932K [0x00000000d5580000, 0x00000000f2300000, 0x0000000100000000)
  eden space 400384K, 0% used [0x00000000d5580000,0x00000000d5580000,0x00000000edc80000)
  from space 35840K, 66% used [0x00000000edc80000,0x00000000ef3df130,0x00000000eff80000)
  to   space 32768K, 0% used [0x00000000eff80000,0x00000000eff80000,0x00000000f1f80000)
 ParOldGen       total 162816K, used 91462K [0x0000000080000000, 0x0000000089f00000, 0x00000000d5580000)
  object space 162816K, 56% used [0x0000000080000000,0x0000000085951950,0x0000000089f00000)
 Metaspace       used 92307K, capacity 98561K, committed 98600K, reserved 1134592K
  class space    used 12349K, capacity 13488K, committed 13488K, reserved 1048576K
Event: 36.643 GC heap after
Heap after GC invocations=19 (full 4):
 PSYoungGen      total 436224K, used 0K [0x00000000d5580000, 0x00000000f2300000, 0x0000000100000000)
  eden space 400384K, 0% used [0x00000000d5580000,0x00000000d5580000,0x00000000edc80000)
  from space 35840K, 0% used [0x00000000edc80000,0x00000000edc80000,0x00000000eff80000)
  to   space 32768K, 0% used [0x00000000eff80000,0x00000000eff80000,0x00000000f1f80000)
 ParOldGen       total 228864K, used 74871K [0x0000000080000000, 0x000000008df80000, 0x00000000d5580000)
  object space 228864K, 32% used [0x0000000080000000,0x000000008491dd80,0x000000008df80000)
 Metaspace       used 90910K, capacity 95021K, committed 98600K, reserved 1134592K
  class space    used 11857K, capacity 12618K, committed 13488K, reserved 1048576K
}

